<?xml version="1.0" encoding="UTF-8"?>
<!-- Generated by org.testng.reporters.JUnitXMLReporter -->
<testsuite hostname="Aman" name="Validating Monthly  Subscription" tests="2" failures="0" timestamp="4 Apr 2021 01:40:38 GMT" time="12.989" errors="0">
  <testcase name="SetupMethod" time="4.582" classname="Academy.MonthlySubscriptionTest"/>
  <testcase name="monthlySubscriptionTest" time="3.591" classname="Academy.MonthlySubscriptionTest"/>
</testsuite> <!-- Validating Monthly  Subscription -->
