<?xml version="1.0" encoding="UTF-8"?>
<!-- Generated by org.testng.reporters.JUnitXMLReporter -->
<testsuite hostname="Aman" name="Validating Half Yearly Subscription" tests="2" failures="0" timestamp="4 Apr 2021 01:41:07 GMT" time="13.799" errors="0">
  <testcase name="SetupMethod" time="3.893" classname="Academy.HalfYearlySubscriptionTest"/>
  <testcase name="halfYearlySubscriptionTest" time="8.236" classname="Academy.HalfYearlySubscriptionTest"/>
</testsuite> <!-- Validating Half Yearly Subscription -->
