<?xml version="1.0" encoding="UTF-8"?>
<!-- Generated by org.testng.reporters.JUnitXMLReporter -->
<testsuite hostname="Aman" name="Validating Yearly Subscription" tests="2" failures="1" timestamp="4 Apr 2021 01:41:21 GMT" time="13.889" errors="0">
  <testcase name="SetupMethod" time="4.346" classname="Academy.YearlySubscriptionTest"/>
  <testcase name="yearlySubscriptionTest" time="7.931" classname="Academy.YearlySubscriptionTest">
    <failure type="java.lang.AssertionError" message="expected [true] but found [false]">
      <![CDATA[java.lang.AssertionError: expected [true] but found [false]
	at Academy.YearlySubscriptionTest.yearlySubscriptionTest(YearlySubscriptionTest.java:108)
... Removed 28 stack frames]]>
    </failure>
  </testcase> <!-- yearlySubscriptionTest -->
</testsuite> <!-- Validating Yearly Subscription -->
