<?xml version="1.0" encoding="UTF-8"?>
<!-- Generated by org.testng.reporters.JUnitXMLReporter -->
<testsuite hostname="Aman" name="Validating Subscription" tests="8" failures="2" timestamp="3 Apr 2021 15:30:12 GMT" time="46.808" errors="0">
  <testcase name="SetupMethod" time="4.099" classname="Academy.MonthlySubscriptionTest"/>
  <testcase name="monthlySubscriptionTest" time="3.279" classname="Academy.MonthlySubscriptionTest"/>
  <testcase name="SetupMethod" time="3.827" classname="Academy.QuaterlySubscriptionTest"/>
  <testcase name="quarterlySubscriptionTest" time="7.492" classname="Academy.QuaterlySubscriptionTest"/>
  <testcase name="SetupMethod" time="3.372" classname="Academy.HalfYearlySubscriptionTest"/>
  <testcase name="quarterlySubscriptionTest" time="7.509" classname="Academy.HalfYearlySubscriptionTest">
    <failure type="java.lang.AssertionError" message="expected [true] but found [false]">
      <![CDATA[java.lang.AssertionError: expected [true] but found [false]
	at Academy.HalfYearlySubscriptionTest.quarterlySubscriptionTest(HalfYearlySubscriptionTest.java:117)
... Removed 28 stack frames]]>
    </failure>
  </testcase> <!-- quarterlySubscriptionTest -->
  <testcase name="SetupMethod" time="2.929" classname="Academy.YearlySubscriptionTest"/>
  <testcase name="quarterlySubscriptionTest" time="7.446" classname="Academy.YearlySubscriptionTest">
    <failure type="java.lang.AssertionError" message="expected [true] but found [false]">
      <![CDATA[java.lang.AssertionError: expected [true] but found [false]
	at Academy.YearlySubscriptionTest.quarterlySubscriptionTest(YearlySubscriptionTest.java:108)
... Removed 28 stack frames]]>
    </failure>
  </testcase> <!-- quarterlySubscriptionTest -->
</testsuite> <!-- Validating Subscription -->
