<?xml version="1.0" encoding="UTF-8"?>
<!-- Generated by org.testng.reporters.JUnitXMLReporter -->
<testsuite hostname="Aman" name="Validating Quarterly Subscription" tests="2" failures="0" timestamp="4 Apr 2021 01:40:53 GMT" time="15.429" errors="0">
  <testcase name="SetupMethod" time="5.975" classname="Academy.QuaterlySubscriptionTest"/>
  <testcase name="quarterlySubscriptionTest" time="7.807" classname="Academy.QuaterlySubscriptionTest"/>
</testsuite> <!-- Validating Quarterly Subscription -->
