<?xml version="1.0" encoding="UTF-8"?>
<!-- Generated by org.testng.reporters.JUnitXMLReporter -->
<testsuite hostname="Aman" name="Validating Subscription4" tests="2" failures="1" timestamp="3 Apr 2021 15:45:48 GMT" time="12.519" errors="0">
  <testcase name="SetupMethod" time="3.754" classname="Academy.YearlySubscriptionTest"/>
  <testcase name="quarterlySubscriptionTest" time="7.45" classname="Academy.YearlySubscriptionTest">
    <failure type="java.lang.AssertionError" message="expected [true] but found [false]">
      <![CDATA[java.lang.AssertionError: expected [true] but found [false]
	at Academy.YearlySubscriptionTest.quarterlySubscriptionTest(YearlySubscriptionTest.java:108)
... Removed 28 stack frames]]>
    </failure>
  </testcase> <!-- quarterlySubscriptionTest -->
</testsuite> <!-- Validating Subscription4 -->
