<?xml version="1.0" encoding="UTF-8"?>
<!-- Generated by org.testng.reporters.JUnitXMLReporter -->
<testsuite hostname="Aman" name="Validating navigation Bar" tests="1" failures="0" timestamp="2 Apr 2021 15:57:11 GMT" time="0.003" errors="0">
  <testcase name="@BeforeTest initialize" time="0.0" classname="Academy.validateNavigationBar">
    <failure type="java.io.FileNotFoundException" message="C:\Users\rahul\E2EProject\src\main\java\resources\data.properties (The system cannot find the path specified)">
      <![CDATA[java.io.FileNotFoundException: C:\Users\rahul\E2EProject\src\main\java\resources\data.properties (The system cannot find the path specified)
	at java.io.FileInputStream.open0(Native Method)
	at java.io.FileInputStream.open(Unknown Source)
	at java.io.FileInputStream.<init>(Unknown Source)
	at java.io.FileInputStream.<init>(Unknown Source)
	at resources.base.initializeDriver(base.java:23)
	at Academy.validateNavigationBar.initialize(validateNavigationBar.java:32)
... Removed 22 stack frames]]>
    </failure>
  </testcase> <!-- @BeforeTest initialize -->
  <testcase name="@AfterTest teardown" time="0.0" classname="Academy.validateNavigationBar">
    <skipped/>
  </testcase> <!-- @AfterTest teardown -->
  <testcase name="validateAppNavBar" time="0.0" classname="Academy.validateNavigationBar">
    <skipped/>
  </testcase> <!-- validateAppNavBar -->
</testsuite> <!-- Validating navigation Bar -->
